<?xml version="1.0" encoding="UTF-8"?>
<testng-results total="2" passed="2" failed="0" skipped="0">
  <reporter-output>
  </reporter-output>
  <suite started-at="2025-07-05T07:11:28Z" name="Test Suite for Buildout" finished-at="2025-07-05T07:11:55Z" duration-ms="27450">
    <groups>
    </groups>
    <test started-at="2025-07-05T07:11:28Z" name="Test Cases for Buildout" finished-at="2025-07-05T07:11:55Z" duration-ms="27450">
      <class name="demo.TestCases">
        <test-method is-config="true" signature="startBrowser()[pri:0, instance:demo.TestCases@dfddc9a]" started-at="2025-07-05T12:41:28Z" name="startBrowser" finished-at="2025-07-05T12:41:31Z" duration-ms="2889" status="PASS">
          <reporter-output>
          </reporter-output>
        </test-method> <!-- startBrowser -->
        <test-method signature="testCase01_scrapeHockeyTeamsWithLowWinPercent()[pri:0, instance:demo.TestCases@dfddc9a]" started-at="2025-07-05T12:41:31Z" name="testCase01_scrapeHockeyTeamsWithLowWinPercent" finished-at="2025-07-05T12:41:51Z" duration-ms="20819" status="PASS">
          <reporter-output>
          </reporter-output>
        </test-method> <!-- testCase01_scrapeHockeyTeamsWithLowWinPercent -->
        <test-method signature="testCase02_scrapeOscarWinners()[pri:0, instance:demo.TestCases@dfddc9a]" started-at="2025-07-05T12:41:51Z" name="testCase02_scrapeOscarWinners" finished-at="2025-07-05T12:41:54Z" duration-ms="2836" status="PASS">
          <reporter-output>
          </reporter-output>
        </test-method> <!-- testCase02_scrapeOscarWinners -->
        <test-method is-config="true" signature="endTest()[pri:0, instance:demo.TestCases@dfddc9a]" started-at="2025-07-05T12:41:54Z" name="endTest" finished-at="2025-07-05T12:41:55Z" duration-ms="896" status="PASS">
          <reporter-output>
          </reporter-output>
        </test-method> <!-- endTest -->
      </class> <!-- demo.TestCases -->
    </test> <!-- Test Cases for Buildout -->
  </suite> <!-- Test Suite for Buildout -->
</testng-results>
